app/build/intermediates/manifest_merge_blame_file/debug/manifest-merger-blame-debug-report.txt
1<?xml version="1.0" encoding="utf-8"?>
2<manifest xmlns:android="http://schemas.android.com/apk/res/android"
3    package="com.cherry.rxjavakotlin"
4    android:versionCode="1"
5    android:versionName="1.0" >
6
7    <uses-sdk
8        android:minSdkVersion="21"
8-->src\main\AndroidManifest.xml
9        android:targetSdkVersion="29" />
9-->src\main\AndroidManifest.xml
10
11    <application
11-->src\main\AndroidManifest.xml:5:5-44:19
12        android:allowBackup="true"
12-->src\main\AndroidManifest.xml:6:9-35
13        android:appComponentFactory="androidx.core.app.CoreComponentFactory"
13-->[androidx.core:core:1.1.0] AndroidManifest.xml:24:18-86
14        android:debuggable="true"
15        android:icon="@mipmap/ic_launcher"
15-->src\main\AndroidManifest.xml:7:9-43
16        android:label="@string/app_name"
16-->src\main\AndroidManifest.xml:8:9-41
17        android:roundIcon="@mipmap/ic_launcher_round"
17-->src\main\AndroidManifest.xml:9:9-54
18        android:supportsRtl="true"
18-->src\main\AndroidManifest.xml:10:9-35
19        android:testOnly="true"
20        android:theme="@style/AppTheme" >
20-->src\main\AndroidManifest.xml:11:9-40
21        <activity android:name="com.cherry.rxjavakotlin.ui.MainActivity" >
21-->src\main\AndroidManifest.xml:12:9-18:20
21-->src\main\AndroidManifest.xml:12:19-50
22            <intent-filter>
22-->src\main\AndroidManifest.xml:13:13-17:29
23                <action android:name="android.intent.action.MAIN" />
23-->src\main\AndroidManifest.xml:14:17-69
23-->src\main\AndroidManifest.xml:14:25-66
24
25                <category android:name="android.intent.category.LAUNCHER" />
25-->src\main\AndroidManifest.xml:16:17-77
25-->src\main\AndroidManifest.xml:16:27-74
26            </intent-filter>
27        </activity>
28        <activity android:name="com.cherry.rxjavakotlin.ui.operator.JustActivity" />
28-->src\main\AndroidManifest.xml:19:9-62
28-->src\main\AndroidManifest.xml:19:19-59
29        <activity android:name="com.cherry.rxjavakotlin.ui.operator.BufferActivity" />
29-->src\main\AndroidManifest.xml:20:9-64
29-->src\main\AndroidManifest.xml:20:19-61
30        <activity android:name="com.cherry.rxjavakotlin.ui.operator.DebounceActivity" />
30-->src\main\AndroidManifest.xml:21:9-66
30-->src\main\AndroidManifest.xml:21:19-63
31        <activity android:name="com.cherry.rxjavakotlin.ui.operator.DelayActivity" />
31-->src\main\AndroidManifest.xml:22:9-63
31-->src\main\AndroidManifest.xml:22:19-60
32        <activity android:name="com.cherry.rxjavakotlin.ui.operator.TimerActivity" />
32-->src\main\AndroidManifest.xml:23:9-63
32-->src\main\AndroidManifest.xml:23:19-60
33        <activity android:name="com.cherry.rxjavakotlin.ui.operator.IntervalActivity" />
33-->src\main\AndroidManifest.xml:24:9-66
33-->src\main\AndroidManifest.xml:24:19-63
34        <activity android:name="com.cherry.rxjavakotlin.ui.operator.DisposableActivity" />
34-->src\main\AndroidManifest.xml:25:9-68
34-->src\main\AndroidManifest.xml:25:19-65
35        <activity android:name="com.cherry.rxjavakotlin.ui.operator.DistinctActivity" />
35-->src\main\AndroidManifest.xml:26:9-66
35-->src\main\AndroidManifest.xml:26:19-63
36        <activity android:name="com.cherry.rxjavakotlin.ui.operator.FilterActivity" />
36-->src\main\AndroidManifest.xml:27:9-64
36-->src\main\AndroidManifest.xml:27:19-61
37        <activity android:name="com.cherry.rxjavakotlin.ui.operator.LastActivity" />
37-->src\main\AndroidManifest.xml:28:9-62
37-->src\main\AndroidManifest.xml:28:19-59
38        <activity android:name="com.cherry.rxjavakotlin.ui.operator.MapActivity" />
38-->src\main\AndroidManifest.xml:29:9-61
38-->src\main\AndroidManifest.xml:29:19-58
39        <activity android:name="com.cherry.rxjavakotlin.ui.operator.MergeActivity" />
39-->src\main\AndroidManifest.xml:30:9-63
39-->src\main\AndroidManifest.xml:30:19-60
40        <activity android:name="com.cherry.rxjavakotlin.ui.operator.PublishSubjectActivity" />
40-->src\main\AndroidManifest.xml:31:9-72
40-->src\main\AndroidManifest.xml:31:19-69
41        <activity android:name="com.cherry.rxjavakotlin.ui.operator.ReduceActivity" />
41-->src\main\AndroidManifest.xml:32:9-64
41-->src\main\AndroidManifest.xml:32:19-61
42        <activity android:name="com.cherry.rxjavakotlin.ui.operator.ReplayActivity" />
42-->src\main\AndroidManifest.xml:33:9-64
42-->src\main\AndroidManifest.xml:33:19-61
43        <activity android:name="com.cherry.rxjavakotlin.ui.operator.ReplaySubjectActivity" />
43-->src\main\AndroidManifest.xml:34:9-71
43-->src\main\AndroidManifest.xml:34:19-68
44        <activity android:name="com.cherry.rxjavakotlin.ui.operator.ScanActivity" />
44-->src\main\AndroidManifest.xml:35:9-62
44-->src\main\AndroidManifest.xml:35:19-59
45        <activity android:name="com.cherry.rxjavakotlin.ui.operator.DoOnNextActivity" />
45-->src\main\AndroidManifest.xml:36:9-66
45-->src\main\AndroidManifest.xml:36:19-63
46        <activity android:name="com.cherry.rxjavakotlin.ui.operator.SingleObservableActivity" />
46-->src\main\AndroidManifest.xml:37:9-74
46-->src\main\AndroidManifest.xml:37:19-71
47        <activity android:name="com.cherry.rxjavakotlin.ui.operator.SkipActivity" />
47-->src\main\AndroidManifest.xml:38:9-62
47-->src\main\AndroidManifest.xml:38:19-59
48        <activity android:name="com.cherry.rxjavakotlin.ui.operator.TakeActivity" />
48-->src\main\AndroidManifest.xml:39:9-62
48-->src\main\AndroidManifest.xml:39:19-59
49        <activity android:name="com.cherry.rxjavakotlin.ui.operator.TakeWhileActivity" />
49-->src\main\AndroidManifest.xml:40:9-67
49-->src\main\AndroidManifest.xml:40:19-64
50        <activity android:name="com.cherry.rxjavakotlin.ui.operator.ThrottleFirstActivity" />
50-->src\main\AndroidManifest.xml:41:9-71
50-->src\main\AndroidManifest.xml:41:19-68
51        <activity android:name="com.cherry.rxjavakotlin.ui.operator.ThrottleLastActivity" />
51-->src\main\AndroidManifest.xml:42:9-70
51-->src\main\AndroidManifest.xml:42:19-67
52        <activity android:name="com.cherry.rxjavakotlin.ui.operator.ZipActivity" />
52-->src\main\AndroidManifest.xml:43:9-61
52-->src\main\AndroidManifest.xml:43:19-58
53    </application>
54
55</manifest>